2002.08.15 03:13 B C:\My Documents\Cara's website\artwork\Cara's oil paintings and more\alphabet_exploration_fall_1997_pen_and_ink.jpg --> lamar.colostate.edu /n/cbp/public_html/artwork/Cara's oil paintings and more alphabet_exploration_fall_1997_pen_and_ink.jpg
2002.08.15 03:14 B C:\My Documents\Cara's website\artwork\Cara's oil paintings and more\Apples.JPG --> lamar.colostate.edu /n/cbp/public_html/artwork/Cara's oil paintings and more Apples.JPG
2002.08.15 03:15 B C:\My Documents\Cara's website\artwork\Cara's oil paintings and more\autobiographical collage, conte, winter 1997 Big.jpg --> lamar.colostate.edu /n/cbp/public_html/artwork/Cara's oil paintings and more autobiographical collage, conte, winter 1997 Big.jpg
2002.08.15 03:15 B C:\My Documents\Cara's website\artwork\Cara's oil paintings and more\autobiography.jpg --> lamar.colostate.edu /n/cbp/public_html/artwork/Cara's oil paintings and more autobiography.jpg
2002.08.15 03:15 B C:\My Documents\Cara's website\artwork\Cara's oil paintings and more\babydoll.jpg --> lamar.colostate.edu /n/cbp/public_html/artwork/Cara's oil paintings and more babydoll.jpg
2002.08.15 03:18 B C:\My Documents\Cara's website\artwork\Cara's oil paintings and more\Big Thomposon 4.JPG --> lamar.colostate.edu /n/cbp/public_html/artwork/Cara's oil paintings and more Big Thomposon 4.JPG
2002.08.15 03:20 B C:\My Documents\Cara's website\artwork\Cara's oil paintings and more\Big Thompson 3.JPG --> lamar.colostate.edu /n/cbp/public_html/artwork/Cara's oil paintings and more Big Thompson 3.JPG
2002.08.15 03:21 B C:\My Documents\Cara's website\artwork\Cara's oil paintings and more\BigThompson2.jpg --> lamar.colostate.edu /n/cbp/public_html/artwork/Cara's oil paintings and more BigThompson2.jpg
2002.08.15 03:22 B C:\My Documents\Cara's website\artwork\Cara's oil paintings and more\BigThompsonCanyon_oil_June2001.jpg --> lamar.colostate.edu /n/cbp/public_html/artwork/Cara's oil paintings and more BigThompsonCanyon_oil_June2001.jpg
2002.08.15 03:22 B C:\My Documents\Cara's website\artwork\Cara's oil paintings and more\Cara_with_MediterraneanCoast.jpg --> lamar.colostate.edu /n/cbp/public_html/artwork/Cara's oil paintings and more Cara_with_MediterraneanCoast.jpg
2002.08.15 03:22 B C:\My Documents\Cara's website\artwork\Cara's oil paintings and more\Day lily Big.JPG --> lamar.colostate.edu /n/cbp/public_html/artwork/Cara's oil paintings and more Day lily Big.JPG
2002.08.15 03:22 B C:\My Documents\Cara's website\artwork\Cara's oil paintings and more\Day Lily.jpg --> lamar.colostate.edu /n/cbp/public_html/artwork/Cara's oil paintings and more Day Lily.jpg
2002.08.15 03:23 B C:\My Documents\Cara's website\artwork\Cara's oil paintings and more\Dollhouse-inside.jpg --> lamar.colostate.edu /n/cbp/public_html/artwork/Cara's oil paintings and more Dollhouse-inside.jpg
2002.08.15 03:23 B C:\My Documents\Cara's website\artwork\Cara's oil paintings and more\dollhouse.jpg --> lamar.colostate.edu /n/cbp/public_html/artwork/Cara's oil paintings and more dollhouse.jpg
2002.08.15 03:23 B C:\My Documents\Cara's website\artwork\Cara's oil paintings and more\dream painting.jpg --> lamar.colostate.edu /n/cbp/public_html/artwork/Cara's oil paintings and more dream painting.jpg
2002.08.15 03:23 B C:\My Documents\Cara's website\artwork\Cara's oil paintings and more\dried flower arrangement.JPG --> lamar.colostate.edu /n/cbp/public_html/artwork/Cara's oil paintings and more dried flower arrangement.JPG
2002.08.15 03:23 B C:\My Documents\Cara's website\artwork\Cara's oil paintings and more\Geometric Exploration.jpg --> lamar.colostate.edu /n/cbp/public_html/artwork/Cara's oil paintings and more Geometric Exploration.jpg
2002.08.15 03:24 B C:\My Documents\Cara's website\artwork\Cara's oil paintings and more\geometricexploration2.jpg --> lamar.colostate.edu /n/cbp/public_html/artwork/Cara's oil paintings and more geometricexploration2.jpg
2002.08.15 03:24 B C:\My Documents\Cara's website\artwork\Cara's oil paintings and more\Grandchildren 1.jpg --> lamar.colostate.edu /n/cbp/public_html/artwork/Cara's oil paintings and more Grandchildren 1.jpg
2002.08.15 03:24 B C:\My Documents\Cara's website\artwork\Cara's oil paintings and more\grandchildren II.jpg --> lamar.colostate.edu /n/cbp/public_html/artwork/Cara's oil paintings and more grandchildren II.jpg
2002.08.15 03:24 B C:\My Documents\Cara's website\artwork\Cara's oil paintings and more\ingrid and Astrid - painting.jpg --> lamar.colostate.edu /n/cbp/public_html/artwork/Cara's oil paintings and more ingrid and Astrid - painting.jpg
2002.08.15 03:24 B C:\My Documents\Cara's website\artwork\Cara's oil paintings and more\Ingrid's husband, Tom.jpg --> lamar.colostate.edu /n/cbp/public_html/artwork/Cara's oil paintings and more Ingrid's husband, Tom.jpg
2002.08.15 03:25 B C:\My Documents\Cara's website\artwork\Cara's oil paintings and more\Japan.jpg --> lamar.colostate.edu /n/cbp/public_html/artwork/Cara's oil paintings and more Japan.jpg
2002.08.15 03:25 B C:\My Documents\Cara's website\artwork\Cara's oil paintings and more\jen and darren.jpg --> lamar.colostate.edu /n/cbp/public_html/artwork/Cara's oil paintings and more jen and darren.jpg
2002.08.15 03:26 B C:\My Documents\Cara's website\artwork\Cara's oil paintings and more\Jun11_09.jpg --> lamar.colostate.edu /n/cbp/public_html/artwork/Cara's oil paintings and more Jun11_09.jpg
2002.08.15 03:27 B C:\My Documents\Cara's website\artwork\Cara's oil paintings and more\Jun14_33.JPG --> lamar.colostate.edu /n/cbp/public_html/artwork/Cara's oil paintings and more Jun14_33.JPG
2002.08.15 03:28 B C:\My Documents\Cara's website\artwork\Cara's oil paintings and more\LaMesa.JPG --> lamar.colostate.edu /n/cbp/public_html/artwork/Cara's oil paintings and more LaMesa.JPG
2002.08.15 03:28 B C:\My Documents\Cara's website\artwork\Cara's oil paintings and more\little cara.jpg --> lamar.colostate.edu /n/cbp/public_html/artwork/Cara's oil paintings and more little cara.jpg
2002.08.15 03:29 B C:\My Documents\Cara's website\artwork\Cara's oil paintings and more\marilyn - Warhol style.jpg --> lamar.colostate.edu /n/cbp/public_html/artwork/Cara's oil paintings and more marilyn - Warhol style.jpg
2002.08.15 03:29 B C:\My Documents\Cara's website\artwork\Cara's oil paintings and more\mayan Statue Stippling.JPG --> lamar.colostate.edu /n/cbp/public_html/artwork/Cara's oil paintings and more mayan Statue Stippling.JPG
2002.08.15 03:29 B C:\My Documents\Cara's website\artwork\Cara's oil paintings and more\Mediterranean Coast - oil - 1997.jpg --> lamar.colostate.edu /n/cbp/public_html/artwork/Cara's oil paintings and more Mediterranean Coast - oil - 1997.jpg
2002.08.15 03:30 B C:\My Documents\Cara's website\artwork\Cara's oil paintings and more\Mediterranean Coast.jpg --> lamar.colostate.edu /n/cbp/public_html/artwork/Cara's oil paintings and more Mediterranean Coast.jpg
2002.08.15 03:30 B C:\My Documents\Cara's website\artwork\Cara's oil paintings and more\Mediterranean Coast_oil_1997.jpg --> lamar.colostate.edu /n/cbp/public_html/artwork/Cara's oil paintings and more Mediterranean Coast_oil_1997.jpg
2002.08.15 03:30 B C:\My Documents\Cara's website\artwork\Cara's oil paintings and more\Meghan and Boyfriend  - oil  December 1998.jpg --> lamar.colostate.edu /n/cbp/public_html/artwork/Cara's oil paintings and more Meghan and Boyfriend  - oil  December 1998.jpg
2002.08.15 03:30 B C:\My Documents\Cara's website\artwork\Cara's oil paintings and more\Meghan and Boyfriend.jpg --> lamar.colostate.edu /n/cbp/public_html/artwork/Cara's oil paintings and more Meghan and Boyfriend.jpg
2002.08.15 03:31 B C:\My Documents\Cara's website\artwork\Cara's oil paintings and more\mirror detail.JPG --> lamar.colostate.edu /n/cbp/public_html/artwork/Cara's oil paintings and more mirror detail.JPG
2002.08.15 03:33 B C:\My Documents\Cara's website\artwork\Cara's oil paintings and more\mirror.JPG --> lamar.colostate.edu /n/cbp/public_html/artwork/Cara's oil paintings and more mirror.JPG
2002.08.15 03:34 B C:\My Documents\Cara's website\artwork\Cara's oil paintings and more\Monet's Waterlilies study Big.jpg --> lamar.colostate.edu /n/cbp/public_html/artwork/Cara's oil paintings and more Monet's Waterlilies study Big.jpg
2002.08.15 03:34 B C:\My Documents\Cara's website\artwork\Cara's oil paintings and more\Monet's Waterlilies study.jpg --> lamar.colostate.edu /n/cbp/public_html/artwork/Cara's oil paintings and more Monet's Waterlilies study.jpg
2002.08.15 03:35 B C:\My Documents\Cara's website\artwork\Cara's oil paintings and more\moon painting.JPG --> lamar.colostate.edu /n/cbp/public_html/artwork/Cara's oil paintings and more moon painting.JPG
2002.08.15 03:36 B C:\My Documents\Cara's website\artwork\Cara's oil paintings and more\myfirstpainting...oftheOregoncoast.JPG --> lamar.colostate.edu /n/cbp/public_html/artwork/Cara's oil paintings and more myfirstpainting...oftheOregoncoast.JPG
2002.08.15 03:37 B C:\My Documents\Cara's website\artwork\Cara's oil paintings and more\nude.jpg --> lamar.colostate.edu /n/cbp/public_html/artwork/Cara's oil paintings and more nude.jpg
2002.08.15 03:37 B C:\My Documents\Cara's website\artwork\Cara's oil paintings and more\Olivia, Cara, and Laurel Phillips.jpg --> lamar.colostate.edu /n/cbp/public_html/artwork/Cara's oil paintings and more Olivia, Cara, and Laurel Phillips.jpg
2002.08.15 03:37 B C:\My Documents\Cara's website\artwork\Cara's oil paintings and more\Olivia,Cara, and Laurel Big.jpg --> lamar.colostate.edu /n/cbp/public_html/artwork/Cara's oil paintings and more Olivia,Cara, and Laurel Big.jpg
2002.08.15 03:38 B C:\My Documents\Cara's website\artwork\Cara's oil paintings and more\peaches.jpg --> lamar.colostate.edu /n/cbp/public_html/artwork/Cara's oil paintings and more peaches.jpg
2002.08.15 03:38 B C:\My Documents\Cara's website\artwork\Cara's oil paintings and more\peaches1.jpg --> lamar.colostate.edu /n/cbp/public_html/artwork/Cara's oil paintings and more peaches1.jpg
2002.08.15 03:39 B C:\My Documents\Cara's website\artwork\Cara's oil paintings and more\peaches2.jpg --> lamar.colostate.edu /n/cbp/public_html/artwork/Cara's oil paintings and more peaches2.jpg
2002.08.15 03:40 B C:\My Documents\Cara's website\artwork\Cara's oil paintings and more\peaches3.JPG --> lamar.colostate.edu /n/cbp/public_html/artwork/Cara's oil paintings and more peaches3.JPG
2002.08.15 03:40 B C:\My Documents\Cara's website\artwork\Cara's oil paintings and more\photos for paintings.JPG --> lamar.colostate.edu /n/cbp/public_html/artwork/Cara's oil paintings and more photos for paintings.JPG
2002.08.15 03:40 B C:\My Documents\Cara's website\artwork\Cara's oil paintings and more\Portrait of Steven - oil on canvas october 1998, pre-painting.jpg --> lamar.colostate.edu /n/cbp/public_html/artwork/Cara's oil paintings and more Portrait of Steven - oil on canvas october 1998, pre-painting.jpg
2002.08.15 03:40 B C:\My Documents\Cara's website\artwork\Cara's oil paintings and more\portrait of steven 3.jpg --> lamar.colostate.edu /n/cbp/public_html/artwork/Cara's oil paintings and more portrait of steven 3.jpg
2002.08.15 03:41 B C:\My Documents\Cara's website\artwork\Cara's oil paintings and more\portraitofsteven1.jpg --> lamar.colostate.edu /n/cbp/public_html/artwork/Cara's oil paintings and more portraitofsteven1.jpg
2002.08.15 03:41 B C:\My Documents\Cara's website\artwork\Cara's oil paintings and more\portraitofsteven2.jpg --> lamar.colostate.edu /n/cbp/public_html/artwork/Cara's oil paintings and more portraitofsteven2.jpg
2002.08.15 03:42 B C:\My Documents\Cara's website\artwork\Cara's oil paintings and more\Sabastian Big.jpg --> lamar.colostate.edu /n/cbp/public_html/artwork/Cara's oil paintings and more Sabastian Big.jpg
2002.08.15 03:42 B C:\My Documents\Cara's website\artwork\Cara's oil paintings and more\Sabastian.jpg --> lamar.colostate.edu /n/cbp/public_html/artwork/Cara's oil paintings and more Sabastian.jpg
2002.08.15 03:42 B C:\My Documents\Cara's website\artwork\Cara's oil paintings and more\Sarah 1.jpg --> lamar.colostate.edu /n/cbp/public_html/artwork/Cara's oil paintings and more Sarah 1.jpg
2002.08.15 03:42 B C:\My Documents\Cara's website\artwork\Cara's oil paintings and more\Sarah 2.jpg --> lamar.colostate.edu /n/cbp/public_html/artwork/Cara's oil paintings and more Sarah 2.jpg
2002.08.15 03:42 B C:\My Documents\Cara's website\artwork\Cara's oil paintings and more\Spout's Run II 1.jpg --> lamar.colostate.edu /n/cbp/public_html/artwork/Cara's oil paintings and more Spout's Run II 1.jpg
2002.08.15 03:42 B C:\My Documents\Cara's website\artwork\Cara's oil paintings and more\Spout's Run II 2.jpg --> lamar.colostate.edu /n/cbp/public_html/artwork/Cara's oil paintings and more Spout's Run II 2.jpg
2002.08.15 03:42 B C:\My Documents\Cara's website\artwork\Cara's oil paintings and more\Spout's Run II 3.jpg --> lamar.colostate.edu /n/cbp/public_html/artwork/Cara's oil paintings and more Spout's Run II 3.jpg
2002.08.15 03:43 B C:\My Documents\Cara's website\artwork\Cara's oil paintings and more\Spout's Run ii Photo June 2001.jpg --> lamar.colostate.edu /n/cbp/public_html/artwork/Cara's oil paintings and more Spout's Run ii Photo June 2001.jpg
2002.08.15 03:43 B C:\My Documents\Cara's website\artwork\Cara's oil paintings and more\Spouts Run oil 1998 2.jpg --> lamar.colostate.edu /n/cbp/public_html/artwork/Cara's oil paintings and more Spouts Run oil 1998 2.jpg
2002.08.15 03:43 B C:\My Documents\Cara's website\artwork\Cara's oil paintings and more\Spouts Run oil 1998.jpg --> lamar.colostate.edu /n/cbp/public_html/artwork/Cara's oil paintings and more Spouts Run oil 1998.jpg
2002.08.15 03:43 B C:\My Documents\Cara's website\artwork\Cara's oil paintings and more\Still life.jpg --> lamar.colostate.edu /n/cbp/public_html/artwork/Cara's oil paintings and more Still life.jpg
2002.08.15 03:43 B C:\My Documents\Cara's website\artwork\Cara's oil paintings and more\Taj Mahal architectural study in purple, yellow and black - watercolor - 1998.jpg --> lamar.colostate.edu /n/cbp/public_html/artwork/Cara's oil paintings and more Taj Mahal architectural study in purple, yellow and black - watercolor - 1998.jpg
2002.08.15 03:43 B C:\My Documents\Cara's website\artwork\Cara's oil paintings and more\Taj Mahal.jpg --> lamar.colostate.edu /n/cbp/public_html/artwork/Cara's oil paintings and more Taj Mahal.jpg
2002.08.15 03:44 B C:\My Documents\Cara's website\artwork\Cara's oil paintings and more\tajmahal.jpg --> lamar.colostate.edu /n/cbp/public_html/artwork/Cara's oil paintings and more tajmahal.jpg
2002.08.15 03:44 B C:\My Documents\Cara's website\artwork\Cara's oil paintings and more\Water and Earth.jpg --> lamar.colostate.edu /n/cbp/public_html/artwork/Cara's oil paintings and more Water and Earth.jpg
2002.08.15 03:44 B C:\My Documents\Cara's website\artwork\Cara's oil paintings and more\waterandearth - plaster molds of waterfront design - ArchitectureSpring 1998.jpg --> lamar.colostate.edu /n/cbp/public_html/artwork/Cara's oil paintings and more waterandearth - plaster molds of waterfront design - ArchitectureSpring 1998.jpg
2002.08.15 03:45 B C:\My Documents\Cara's website\artwork\Cara's oil paintings and more\waterandearth drawing1.jpg --> lamar.colostate.edu /n/cbp/public_html/artwork/Cara's oil paintings and more waterandearth drawing1.jpg
2002.08.15 03:45 B C:\My Documents\Cara's website\artwork\Cara's oil paintings and more\waterandearth model1.jpg --> lamar.colostate.edu /n/cbp/public_html/artwork/Cara's oil paintings and more waterandearth model1.jpg
2002.08.15 03:46 B C:\My Documents\Cara's website\artwork\Cara's oil paintings and more\waterandearth model2.jpg --> lamar.colostate.edu /n/cbp/public_html/artwork/Cara's oil paintings and more waterandearth model2.jpg
2002.08.15 03:47 B C:\My Documents\Cara's website\artwork\Cara's oil paintings and more\waterandearth plexi1.jpg --> lamar.colostate.edu /n/cbp/public_html/artwork/Cara's oil paintings and more waterandearth plexi1.jpg
2002.08.15 03:48 B C:\My Documents\Cara's website\artwork\Cara's oil paintings and more\waterandearth plexi2.jpg --> lamar.colostate.edu /n/cbp/public_html/artwork/Cara's oil paintings and more waterandearth plexi2.jpg
2002.08.17 01:58 B C:\My Documents\Cara's website\artwork\Cara's oil paintings and more\blacklight bulb 4.jpg --> lamar.colostate.edu /n/cbp/public_html/artwork/Cara's oil paintings and more blacklight bulb 4.jpg
2002.08.17 01:58 B C:\My Documents\Cara's website\artwork\Cara's oil paintings and more\cawa.jpg --> lamar.colostate.edu /n/cbp/public_html/artwork/Cara's oil paintings and more cawa.jpg
2002.08.17 02:00 B C:\My Documents\Cara's website\artwork\Cara's oil paintings and more\kagi_lamp.JPG --> lamar.colostate.edu /n/cbp/public_html/artwork/Cara's oil paintings and more kagi_lamp.JPG
2002.08.17 02:01 B C:\My Documents\Cara's website\artwork\Cara's oil paintings and more\Thumbs.db --> lamar.colostate.edu /n/cbp/public_html/artwork/Cara's oil paintings and more Thumbs.db
2002.08.17 02:02 B C:\My Documents\Cara's website\artwork\Cara's oil paintings and more\waterfall original.JPG.jpg --> lamar.colostate.edu /n/cbp/public_html/artwork/Cara's oil paintings and more waterfall original.JPG.jpg
2002.08.17 02:02 B C:\My Documents\Cara's website\artwork\Cara's oil paintings and more\WS_FTP.LOG --> lamar.colostate.edu /n/cbp/public_html/artwork/Cara's oil paintings and more WS_FTP.LOG
2002.08.18 01:21 B C:\My Documents\Cara's website\artwork\Cara's oil paintings and more\logo_pcorps.gif --> lamar.colostate.edu /n/cbp/public_html/artwork/Cara's oil paintings and more logo_pcorps.gif
2002.08.18 01:26 B C:\My Documents\Cara's website\artwork\Cara's oil paintings and more\logo_pcorps.gif --> lamar.colostate.edu /n/cbp/public_html/artwork/Cara's oil paintings and more logo_pcorps.gif
2002.08.19 15:22 B C:\My Documents\Cara's website\artwork\Cara's oil paintings and more\Spout's_Run_II.jpg --> lamar.colostate.edu /n/cbp/public_html/artwork/Cara's oil paintings and more Spout's_Run_II.jpg
2002.08.19 15:23 B C:\My Documents\Cara's website\artwork\Cara's oil paintings and more\Spout's_Run_II_close-up.jpg --> lamar.colostate.edu /n/cbp/public_html/artwork/Cara's oil paintings and more Spout's_Run_II_close-up.jpg
