2002.08.15 02:57 B C:\My Documents\Cara's website\artwork\arhitectural.htm --> lamar.colostate.edu /n/cbp/public_html/artwork/arhitectural arhitectural.htm
2002.08.15 02:58 B C:\My Documents\Cara's website\artwork\alphabetic.htm --> lamar.colostate.edu /n/cbp/public_html/artwork alphabetic.htm
2002.08.15 02:58 B C:\My Documents\Cara's website\artwork\water&earth6.htm --> lamar.colostate.edu /n/cbp/public_html/artwork water&earth6.htm
2002.08.15 02:58 B C:\My Documents\Cara's website\artwork\water&earth.htm --> lamar.colostate.edu /n/cbp/public_html/artwork water&earth.htm
2002.08.15 02:58 B C:\My Documents\Cara's website\artwork\water&earth2.htm --> lamar.colostate.edu /n/cbp/public_html/artwork water&earth2.htm
2002.08.15 02:59 B C:\My Documents\Cara's website\artwork\water&earth3.htm --> lamar.colostate.edu /n/cbp/public_html/artwork water&earth3.htm
2002.08.15 02:59 B C:\My Documents\Cara's website\artwork\water&earth4.htm --> lamar.colostate.edu /n/cbp/public_html/artwork water&earth4.htm
2002.08.15 02:59 B C:\My Documents\Cara's website\artwork\water&earth5.htm --> lamar.colostate.edu /n/cbp/public_html/artwork water&earth5.htm
2002.08.15 02:59 B C:\My Documents\Cara's website\artwork\water&earth7.htm --> lamar.colostate.edu /n/cbp/public_html/artwork water&earth7.htm
2002.08.15 02:59 B C:\My Documents\Cara's website\artwork\taj_mahal.htm --> lamar.colostate.edu /n/cbp/public_html/artwork taj_mahal.htm
2002.08.15 02:59 B C:\My Documents\Cara's website\artwork\taj_mahal2.htm --> lamar.colostate.edu /n/cbp/public_html/artwork taj_mahal2.htm
2002.08.15 02:59 B C:\My Documents\Cara's website\artwork\geometric.htm --> lamar.colostate.edu /n/cbp/public_html/artwork geometric.htm
2002.08.15 02:59 B C:\My Documents\Cara's website\artwork\geometricII.htm --> lamar.colostate.edu /n/cbp/public_html/artwork geometricII.htm
2002.08.16 17:44 B C:\My Documents\Cara's website\artwork\architectural.htm --> lamar.colostate.edu /n/cbp/public_html/artwork architectural.htm
2002.08.16 17:48 B C:\My Documents\Cara's website\artwork\alphabetic.htm --> lamar.colostate.edu /n/cbp/public_html/artwork alphabetic.htm
2002.08.16 17:49 B C:\My Documents\Cara's website\artwork\artist.htm --> lamar.colostate.edu /n/cbp/public_html/artwork artist.htm
2002.08.17 02:02 B C:\My Documents\Cara's website\artwork\artist.htm --> lamar.colostate.edu /n/cbp/public_html/artwork artist.htm
2002.08.17 02:02 B C:\My Documents\Cara's website\artwork\artmenu.htm --> lamar.colostate.edu /n/cbp/public_html/artwork artmenu.htm
2002.08.17 02:02 B C:\My Documents\Cara's website\artwork\autobiography.htm --> lamar.colostate.edu /n/cbp/public_html/artwork autobiography.htm
2002.08.17 02:02 B C:\My Documents\Cara's website\artwork\autobiography2.htm --> lamar.colostate.edu /n/cbp/public_html/artwork autobiography2.htm
2002.08.17 02:02 B C:\My Documents\Cara's website\artwork\babydoll.htm --> lamar.colostate.edu /n/cbp/public_html/artwork babydoll.htm
2002.08.17 02:02 B C:\My Documents\Cara's website\artwork\bigthompson.htm --> lamar.colostate.edu /n/cbp/public_html/artwork bigthompson.htm
2002.08.17 02:02 B C:\My Documents\Cara's website\artwork\bigthompson2.htm --> lamar.colostate.edu /n/cbp/public_html/artwork bigthompson2.htm
2002.08.17 02:02 B C:\My Documents\Cara's website\artwork\collages.htm --> lamar.colostate.edu /n/cbp/public_html/artwork collages.htm
2002.08.17 02:02 B C:\My Documents\Cara's website\artwork\daylily.htm --> lamar.colostate.edu /n/cbp/public_html/artwork daylily.htm
2002.08.17 02:02 B C:\My Documents\Cara's website\artwork\daylily2.htm --> lamar.colostate.edu /n/cbp/public_html/artwork daylily2.htm
2002.08.17 02:02 B C:\My Documents\Cara's website\artwork\dollhouse.htm --> lamar.colostate.edu /n/cbp/public_html/artwork dollhouse.htm
2002.08.17 02:02 B C:\My Documents\Cara's website\artwork\dream.htm --> lamar.colostate.edu /n/cbp/public_html/artwork dream.htm
2002.08.17 02:02 B C:\My Documents\Cara's website\artwork\geometric.htm --> lamar.colostate.edu /n/cbp/public_html/artwork geometric.htm
2002.08.17 02:02 B C:\My Documents\Cara's website\artwork\geometricII.htm --> lamar.colostate.edu /n/cbp/public_html/artwork geometricII.htm
2002.08.17 02:02 B C:\My Documents\Cara's website\artwork\grandchildrenI.htm --> lamar.colostate.edu /n/cbp/public_html/artwork grandchildrenI.htm
2002.08.17 02:02 B C:\My Documents\Cara's website\artwork\grandchildrenII.htm --> lamar.colostate.edu /n/cbp/public_html/artwork grandchildrenII.htm
2002.08.17 02:02 B C:\My Documents\Cara's website\artwork\ingrid&astrid.htm --> lamar.colostate.edu /n/cbp/public_html/artwork ingrid&astrid.htm
2002.08.17 02:02 B C:\My Documents\Cara's website\artwork\Japan.htm --> lamar.colostate.edu /n/cbp/public_html/artwork Japan.htm
2002.08.17 02:02 B C:\My Documents\Cara's website\artwork\Japan2.htm --> lamar.colostate.edu /n/cbp/public_html/artwork Japan2.htm
2002.08.17 02:02 B C:\My Documents\Cara's website\artwork\jen&darren.htm --> lamar.colostate.edu /n/cbp/public_html/artwork jen&darren.htm
2002.08.17 02:02 B C:\My Documents\Cara's website\artwork\kagi.htm --> lamar.colostate.edu /n/cbp/public_html/artwork kagi.htm
2002.08.17 02:02 B C:\My Documents\Cara's website\artwork\lamesa.htm --> lamar.colostate.edu /n/cbp/public_html/artwork lamesa.htm
2002.08.17 02:02 B C:\My Documents\Cara's website\artwork\landnature.htm --> lamar.colostate.edu /n/cbp/public_html/artwork landnature.htm
2002.08.17 02:02 B C:\My Documents\Cara's website\artwork\LCO.htm --> lamar.colostate.edu /n/cbp/public_html/artwork LCO.htm
2002.08.17 02:02 B C:\My Documents\Cara's website\artwork\LCO2.htm --> lamar.colostate.edu /n/cbp/public_html/artwork LCO2.htm
2002.08.17 02:02 B C:\My Documents\Cara's website\artwork\lilcara.htm --> lamar.colostate.edu /n/cbp/public_html/artwork lilcara.htm
2002.08.17 02:02 B C:\My Documents\Cara's website\artwork\mediterranean.htm --> lamar.colostate.edu /n/cbp/public_html/artwork mediterranean.htm
2002.08.17 02:02 B C:\My Documents\Cara's website\artwork\mediterranean2.htm --> lamar.colostate.edu /n/cbp/public_html/artwork mediterranean2.htm
2002.08.17 02:02 B C:\My Documents\Cara's website\artwork\meghan.htm --> lamar.colostate.edu /n/cbp/public_html/artwork meghan.htm
2002.08.17 02:03 B C:\My Documents\Cara's website\artwork\meghan2.htm --> lamar.colostate.edu /n/cbp/public_html/artwork meghan2.htm
2002.08.17 02:03 B C:\My Documents\Cara's website\artwork\monet.htm --> lamar.colostate.edu /n/cbp/public_html/artwork monet.htm
2002.08.17 02:03 B C:\My Documents\Cara's website\artwork\monet2.htm --> lamar.colostate.edu /n/cbp/public_html/artwork monet2.htm
2002.08.17 02:03 B C:\My Documents\Cara's website\artwork\nude.htm --> lamar.colostate.edu /n/cbp/public_html/artwork nude.htm
2002.08.17 02:03 B C:\My Documents\Cara's website\artwork\nude2.htm --> lamar.colostate.edu /n/cbp/public_html/artwork nude2.htm
2002.08.17 02:03 B C:\My Documents\Cara's website\artwork\other.htm --> lamar.colostate.edu /n/cbp/public_html/artwork other.htm
2002.08.17 02:03 B C:\My Documents\Cara's website\artwork\peaches.htm --> lamar.colostate.edu /n/cbp/public_html/artwork peaches.htm
2002.08.17 02:03 B C:\My Documents\Cara's website\artwork\peaches2.htm --> lamar.colostate.edu /n/cbp/public_html/artwork peaches2.htm
2002.08.17 02:03 B C:\My Documents\Cara's website\artwork\peaches3.htm --> lamar.colostate.edu /n/cbp/public_html/artwork peaches3.htm
2002.08.17 02:03 B C:\My Documents\Cara's website\artwork\pear&apple.htm --> lamar.colostate.edu /n/cbp/public_html/artwork pear&apple.htm
2002.08.17 02:03 B C:\My Documents\Cara's website\artwork\portraits.htm --> lamar.colostate.edu /n/cbp/public_html/artwork portraits.htm
2002.08.17 02:03 B C:\My Documents\Cara's website\artwork\sabastian.htm --> lamar.colostate.edu /n/cbp/public_html/artwork sabastian.htm
2002.08.17 02:03 B C:\My Documents\Cara's website\artwork\Sabastian2.htm --> lamar.colostate.edu /n/cbp/public_html/artwork Sabastian2.htm
2002.08.17 02:03 B C:\My Documents\Cara's website\artwork\sarah.htm --> lamar.colostate.edu /n/cbp/public_html/artwork sarah.htm
2002.08.17 02:03 B C:\My Documents\Cara's website\artwork\spout'srun.htm --> lamar.colostate.edu /n/cbp/public_html/artwork spout'srun.htm
2002.08.17 02:03 B C:\My Documents\Cara's website\artwork\spout'srunII.htm --> lamar.colostate.edu /n/cbp/public_html/artwork spout'srunII.htm
2002.08.17 02:03 B C:\My Documents\Cara's website\artwork\steven.htm --> lamar.colostate.edu /n/cbp/public_html/artwork steven.htm
2002.08.17 02:03 B C:\My Documents\Cara's website\artwork\steven2.htm --> lamar.colostate.edu /n/cbp/public_html/artwork steven2.htm
2002.08.17 02:03 B C:\My Documents\Cara's website\artwork\steven3.htm --> lamar.colostate.edu /n/cbp/public_html/artwork steven3.htm
2002.08.17 02:03 B C:\My Documents\Cara's website\artwork\still-life.htm --> lamar.colostate.edu /n/cbp/public_html/artwork still-life.htm
2002.08.17 02:03 B C:\My Documents\Cara's website\artwork\taj_mahal.htm --> lamar.colostate.edu /n/cbp/public_html/artwork taj_mahal.htm
2002.08.17 02:06 B C:\My Documents\Cara's website\artwork\Thumbs.db --> lamar.colostate.edu /n/cbp/public_html/artwork Thumbs.db
2002.08.17 02:06 B C:\My Documents\Cara's website\artwork\tom.htm --> lamar.colostate.edu /n/cbp/public_html/artwork tom.htm
2002.08.17 02:06 B C:\My Documents\Cara's website\artwork\water&earth.htm --> lamar.colostate.edu /n/cbp/public_html/artwork water&earth.htm
2002.08.17 02:06 B C:\My Documents\Cara's website\artwork\water&earth2.htm --> lamar.colostate.edu /n/cbp/public_html/artwork water&earth2.htm
2002.08.17 02:06 B C:\My Documents\Cara's website\artwork\water&earth3.htm --> lamar.colostate.edu /n/cbp/public_html/artwork water&earth3.htm
2002.08.17 02:06 B C:\My Documents\Cara's website\artwork\water&earth4.htm --> lamar.colostate.edu /n/cbp/public_html/artwork water&earth4.htm
2002.08.17 02:06 B C:\My Documents\Cara's website\artwork\water&earth5.htm --> lamar.colostate.edu /n/cbp/public_html/artwork water&earth5.htm
2002.08.17 02:06 B C:\My Documents\Cara's website\artwork\water&earth6.htm --> lamar.colostate.edu /n/cbp/public_html/artwork water&earth6.htm
2002.08.17 02:06 B C:\My Documents\Cara's website\artwork\water&earth7.htm --> lamar.colostate.edu /n/cbp/public_html/artwork water&earth7.htm
2002.08.17 02:06 B C:\My Documents\Cara's website\artwork\WS_FTP.LOG --> lamar.colostate.edu /n/cbp/public_html/artwork WS_FTP.LOG
2002.08.17 02:15 B C:\My Documents\Cara's website\artwork\artmenu.htm --> lamar.colostate.edu /n/cbp/public_html/artwork artmenu.htm
2002.08.17 02:19 B C:\My Documents\Cara's website\artwork\taj_mahal.htm --> lamar.colostate.edu /n/cbp/public_html/artwork taj_mahal.htm
2002.08.17 02:20 B C:\My Documents\Cara's website\artwork\taj_mahal.htm --> lamar.colostate.edu /n/cbp/public_html/artwork taj_mahal.htm
2002.08.17 02:20 B C:\My Documents\Cara's website\artwork\taj_mahal2.htm --> lamar.colostate.edu /n/cbp/public_html/artwork taj_mahal2.htm
2002.08.17 02:29 B C:\My Documents\Cara's website\artwork\collages.htm --> lamar.colostate.edu /n/cbp/public_html/artwork collages.htm
2002.08.17 02:39 B C:\My Documents\Cara's website\artwork\other.htm --> lamar.colostate.edu /n/cbp/public_html/artwork other.htm
2002.08.17 02:46 B C:\My Documents\Cara's website\artwork\architectural.htm --> lamar.colostate.edu /n/cbp/public_html/artwork architectural.htm
2002.08.17 02:59 B C:\My Documents\Cara's website\artwork\architectural.htm --> lamar.colostate.edu /n/cbp/public_html/artwork architectural.htm
2002.08.17 03:01 B C:\My Documents\Cara's website\artwork\architectural.htm --> lamar.colostate.edu /n/cbp/public_html/artwork architectural.htm
2002.08.18 01:29 B C:\My Documents\Cara's website\artwork\artmenu.htm --> lamar.colostate.edu /n/cbp/public_html/artwork artmenu.htm
2002.08.18 01:31 B C:\My Documents\Cara's website\artwork\artmenu.htm --> lamar.colostate.edu /n/cbp/public_html/artwork artmenu.htm
2002.08.18 01:34 B C:\My Documents\Cara's website\artwork\artmenu.htm --> lamar.colostate.edu /n/cbp/public_html/artwork artmenu.htm
2002.08.18 01:42 B C:\My Documents\Cara's website\artwork\artist.htm --> lamar.colostate.edu /n/cbp/public_html/artwork artist.htm
2002.08.18 01:42 B C:\My Documents\Cara's website\artwork\artist.htm --> lamar.colostate.edu /n/cbp/public_html/artwork artist.htm
2002.08.18 01:42 B C:\My Documents\Cara's website\artwork\artist.htm --> lamar.colostate.edu /n/cbp/public_html/artwork artist.htm
2002.08.18 01:46 B C:\My Documents\Cara's website\artwork\artist.htm --> lamar.colostate.edu /n/cbp/public_html/artwork artist.htm
2002.08.18 16:30 B C:\My Documents\Cara's website\artwork\architectural.htm --> lamar.colostate.edu /n/cbp/public_html/artwork architectural.htm
2002.08.18 16:30 B C:\My Documents\Cara's website\artwork\collages.htm --> lamar.colostate.edu /n/cbp/public_html/artwork collages.htm
2002.08.18 16:30 B C:\My Documents\Cara's website\artwork\lamesa.htm --> lamar.colostate.edu /n/cbp/public_html/artwork lamesa.htm
2002.08.18 16:31 B C:\My Documents\Cara's website\artwork\other.htm --> lamar.colostate.edu /n/cbp/public_html/artwork other.htm
2002.08.18 16:40 B C:\My Documents\Cara's website\artwork\nude2.htm --> lamar.colostate.edu /n/cbp/public_html/artwork nude2.htm
2002.08.18 16:40 B C:\My Documents\Cara's website\artwork\portraits.htm --> lamar.colostate.edu /n/cbp/public_html/artwork portraits.htm
2002.08.18 16:40 B C:\My Documents\Cara's website\artwork\jen&darren.htm --> lamar.colostate.edu /n/cbp/public_html/artwork jen&darren.htm
2002.08.18 16:43 B C:\My Documents\Cara's website\artwork\jen&darren.htm --> lamar.colostate.edu /n/cbp/public_html/artwork jen&darren.htm
2002.08.19 15:20 B C:\My Documents\Cara's website\artwork\architectural.htm --> lamar.colostate.edu /n/cbp/public_html/artwork architectural.htm
2002.08.19 15:20 B C:\My Documents\Cara's website\artwork\artist.htm --> lamar.colostate.edu /n/cbp/public_html/artwork artist.htm
2002.08.19 15:20 B C:\My Documents\Cara's website\artwork\artmenu.htm --> lamar.colostate.edu /n/cbp/public_html/artwork artmenu.htm
2002.08.19 15:20 B C:\My Documents\Cara's website\artwork\collages.htm --> lamar.colostate.edu /n/cbp/public_html/artwork collages.htm
2002.08.19 15:20 B C:\My Documents\Cara's website\artwork\landnature.htm --> lamar.colostate.edu /n/cbp/public_html/artwork landnature.htm
2002.08.19 15:20 B C:\My Documents\Cara's website\artwork\other.htm --> lamar.colostate.edu /n/cbp/public_html/artwork other.htm
2002.08.19 15:21 B C:\My Documents\Cara's website\artwork\portraits.htm --> lamar.colostate.edu /n/cbp/public_html/artwork portraits.htm
2002.08.19 15:21 B C:\My Documents\Cara's website\artwork\spout'srunII.htm --> lamar.colostate.edu /n/cbp/public_html/artwork spout'srunII.htm
2002.08.19 15:21 B C:\My Documents\Cara's website\artwork\spout'srunII2.htm --> lamar.colostate.edu /n/cbp/public_html/artwork spout'srunII2.htm
2002.08.19 15:21 B C:\My Documents\Cara's website\artwork\still-life.htm --> lamar.colostate.edu /n/cbp/public_html/artwork still-life.htm
2002.08.19 18:19 B C:\My Documents\Cara's website\artwork\architectural.htm --> lamar.colostate.edu /n/cbp/public_html/artwork architectural.htm
2002.08.19 18:19 B C:\My Documents\Cara's website\artwork\artist.htm --> lamar.colostate.edu /n/cbp/public_html/artwork artist.htm
2002.08.19 18:19 B C:\My Documents\Cara's website\artwork\artmenu.htm --> lamar.colostate.edu /n/cbp/public_html/artwork artmenu.htm
2002.08.19 18:19 B C:\My Documents\Cara's website\artwork\collages.htm --> lamar.colostate.edu /n/cbp/public_html/artwork collages.htm
2002.08.19 18:19 B C:\My Documents\Cara's website\artwork\landnature.htm --> lamar.colostate.edu /n/cbp/public_html/artwork landnature.htm
2002.08.19 18:20 B C:\My Documents\Cara's website\artwork\other.htm --> lamar.colostate.edu /n/cbp/public_html/artwork other.htm
2002.08.19 18:20 B C:\My Documents\Cara's website\artwork\portraits.htm --> lamar.colostate.edu /n/cbp/public_html/artwork portraits.htm
2002.08.19 18:20 B C:\My Documents\Cara's website\artwork\still-life.htm --> lamar.colostate.edu /n/cbp/public_html/artwork still-life.htm
2002.08.19 18:34 B C:\My Documents\Cara's website\artwork\architectural.htm --> lamar.colostate.edu /n/cbp/public_html/artwork architectural.htm
2002.08.19 18:34 B C:\My Documents\Cara's website\artwork\artist.htm --> lamar.colostate.edu /n/cbp/public_html/artwork artist.htm
2002.08.19 18:34 B C:\My Documents\Cara's website\artwork\artmenu.htm --> lamar.colostate.edu /n/cbp/public_html/artwork artmenu.htm
2002.08.19 18:34 B C:\My Documents\Cara's website\artwork\collages.htm --> lamar.colostate.edu /n/cbp/public_html/artwork collages.htm
2002.08.19 18:36 B C:\My Documents\Cara's website\artwork\collages.htm --> lamar.colostate.edu /n/cbp/public_html/artwork collages.htm
2002.08.19 18:36 B C:\My Documents\Cara's website\artwork\landnature.htm --> lamar.colostate.edu /n/cbp/public_html/artwork landnature.htm
2002.08.19 18:36 B C:\My Documents\Cara's website\artwork\other.htm --> lamar.colostate.edu /n/cbp/public_html/artwork other.htm
2002.08.19 18:36 B C:\My Documents\Cara's website\artwork\portraits.htm --> lamar.colostate.edu /n/cbp/public_html/artwork portraits.htm
2002.08.19 18:36 B C:\My Documents\Cara's website\artwork\still-life.htm --> lamar.colostate.edu /n/cbp/public_html/artwork still-life.htm
2002.08.19 18:44 B C:\My Documents\Cara's website\artwork\artmenu.htm --> lamar.colostate.edu /n/cbp/public_html/artwork artmenu.htm
